<pre>--- 2021-12-01 04:50:53 AM ---<br>PDOException: SQLSTATE[42S22]: Column not found: 1054 Unknown column 'Titel' in 'where clause' in C:\xampp\htdocs\test\src\track.php:64
Stack trace:
#0 C:\xampp\htdocs\test\src\track.php(64): PDOStatement->execute(Array)
#1 C:\xampp\htdocs\test\index.php(122): Track->add(Array)
#2 {main}--- 2021-12-02 12:17:09 AM ---<br>PDOException: SQLSTATE[42S22]: Column not found: 1054 Unknown column 'Titel' in 'where clause' in C:\xampp\htdocs\test\src\track.php:65
Stack trace:
#0 C:\xampp\htdocs\test\src\track.php(65): PDOStatement->execute(Array)
#1 C:\xampp\htdocs\test\index.php(122): Track->add(Array)
#2 {main}--- 2021-12-02 12:59:52 AM ---<br>PDOException: SQLSTATE[42S22]: Column not found: 1054 Unknown column 'Titel' in 'where clause' in C:\xampp\htdocs\test\src\track.php:93
Stack trace:
#0 C:\xampp\htdocs\test\src\track.php(93): PDOStatement->execute(Array)
#1 C:\xampp\htdocs\test\index.php(122): Track->add(Array)
#2 {main}--- 2021-12-02 01:01:38 AM ---<br>PDOException: SQLSTATE[42S22]: Column not found: 1054 Unknown column 'Titel' in 'where clause' in C:\xampp\htdocs\test\src\track.php:93
Stack trace:
#0 C:\xampp\htdocs\test\src\track.php(93): PDOStatement->execute(Array)
#1 C:\xampp\htdocs\test\index.php(122): Track->add(Array)
#2 {main}--- 2021-12-02 01:45:07 AM ---<br>PDOException: SQLSTATE[42S22]: Column not found: 1054 Unknown column 'Titel' in 'where clause' in C:\xampp\htdocs\test\src\track.php:76
Stack trace:
#0 C:\xampp\htdocs\test\src\track.php(76): PDOStatement->execute(Array)
#1 C:\xampp\htdocs\test\index.php(122): Track->add(Array)
#2 {main}--- 2021-12-02 01:47:21 AM ---<br>PDOException: SQLSTATE[42S22]: Column not found: 1054 Unknown column 'Titel' in 'where clause' in C:\xampp\htdocs\test\src\track.php:76
Stack trace:
#0 C:\xampp\htdocs\test\src\track.php(76): PDOStatement->execute(Array)
#1 C:\xampp\htdocs\test\index.php(122): Track->add(Array)
#2 {main}--- 2021-12-02 01:47:23 AM ---<br>PDOException: SQLSTATE[42S22]: Column not found: 1054 Unknown column 'Titel' in 'where clause' in C:\xampp\htdocs\test\src\track.php:76
Stack trace:
#0 C:\xampp\htdocs\test\src\track.php(76): PDOStatement->execute(Array)
#1 C:\xampp\htdocs\test\index.php(122): Track->add(Array)
#2 {main}--- 2021-12-02 01:48:55 AM ---<br>PDOException: SQLSTATE[42S22]: Column not found: 1054 Unknown column 'Titel' in 'where clause' in C:\xampp\htdocs\test\src\track.php:76
Stack trace:
#0 C:\xampp\htdocs\test\src\track.php(76): PDOStatement->execute(Array)
#1 C:\xampp\htdocs\test\index.php(122): Track->add(Array)
#2 {main}--- 2021-12-02 01:49:00 AM ---<br>PDOException: SQLSTATE[42S22]: Column not found: 1054 Unknown column 'Titel' in 'where clause' in C:\xampp\htdocs\test\src\track.php:76
Stack trace:
#0 C:\xampp\htdocs\test\src\track.php(76): PDOStatement->execute(Array)
#1 C:\xampp\htdocs\test\index.php(122): Track->add(Array)
#2 {main}--- 2021-12-02 01:49:18 AM ---<br>PDOException: SQLSTATE[42S22]: Column not found: 1054 Unknown column 'Titel' in 'where clause' in C:\xampp\htdocs\test\src\track.php:76
Stack trace:
#0 C:\xampp\htdocs\test\src\track.php(76): PDOStatement->execute(Array)
#1 C:\xampp\htdocs\test\index.php(122): Track->add(Array)
#2 {main}--- 2021-12-02 01:50:09 AM ---<br>PDOException: SQLSTATE[42S22]: Column not found: 1054 Unknown column 'Titel' in 'where clause' in C:\xampp\htdocs\test\src\track.php:76
Stack trace:
#0 C:\xampp\htdocs\test\src\track.php(76): PDOStatement->execute(Array)
#1 C:\xampp\htdocs\test\index.php(122): Track->add(Array)
#2 {main}--- 2021-12-02 01:51:38 AM ---<br>PDOException: SQLSTATE[HY000]: General error: 1366 Incorrect integer value: 'Omar' for column 'ArtistId' at row 1 in C:\xampp\htdocs\test\src\track.php:85
Stack trace:
#0 C:\xampp\htdocs\test\src\track.php(85): PDOStatement->execute(Array)
#1 C:\xampp\htdocs\test\index.php(122): Track->add(Array)
#2 {main}--- 2021-12-02 01:51:41 AM ---<br>PDOException: SQLSTATE[HY000]: General error: 1366 Incorrect integer value: 'Omar' for column 'ArtistId' at row 1 in C:\xampp\htdocs\test\src\track.php:85
Stack trace:
#0 C:\xampp\htdocs\test\src\track.php(85): PDOStatement->execute(Array)
#1 C:\xampp\htdocs\test\index.php(122): Track->add(Array)
#2 {main}--- 2021-12-02 01:58:07 AM ---<br>PDOException: SQLSTATE[HY000]: General error: 1366 Incorrect integer value: 'Omar' for column 'ArtistId' at row 1 in C:\xampp\htdocs\test\src\track.php:85
Stack trace:
#0 C:\xampp\htdocs\test\src\track.php(85): PDOStatement->execute(Array)
#1 C:\xampp\htdocs\test\index.php(122): Track->add(Array)
#2 {main}--- 2021-12-02 01:59:40 AM ---<br>PDOException: SQLSTATE[HY000]: General error: 1366 Incorrect integer value: 'Omar' for column 'ArtistId' at row 1 in C:\xampp\htdocs\test\src\track.php:85
Stack trace:
#0 C:\xampp\htdocs\test\src\track.php(85): PDOStatement->execute(Array)
#1 C:\xampp\htdocs\test\index.php(122): Track->add(Array)
#2 {main}--- 2021-12-02 02:04:17 AM ---<br>PDOException: SQLSTATE[23000]: Integrity constraint violation: 1048 Column 'ArtistId' cannot be null in C:\xampp\htdocs\test\src\track.php:85
Stack trace:
#0 C:\xampp\htdocs\test\src\track.php(85): PDOStatement->execute(Array)
#1 C:\xampp\htdocs\test\index.php(122): Track->add(Array)
#2 {main}--- 2021-12-02 02:21:31 AM ---<br>PDOException: SQLSTATE[HY093]: Invalid parameter number: number of bound variables does not match number of tokens in C:\xampp\htdocs\test\src\track.php:52
Stack trace:
#0 C:\xampp\htdocs\test\src\track.php(52): PDOStatement->execute(Array)
#1 C:\xampp\htdocs\test\index.php(122): Track->add(Array)
#2 {main}--- 2021-12-02 02:23:47 AM ---<br>PDOException: SQLSTATE[HY093]: Invalid parameter number: number of bound variables does not match number of tokens in C:\xampp\htdocs\test\src\track.php:52
Stack trace:
#0 C:\xampp\htdocs\test\src\track.php(52): PDOStatement->execute(Array)
#1 C:\xampp\htdocs\test\index.php(122): Track->add(Array)
#2 {main}--- 2021-12-02 02:24:40 AM ---<br>PDOException: SQLSTATE[HY093]: Invalid parameter number: number of bound variables does not match number of tokens in C:\xampp\htdocs\test\src\track.php:52
Stack trace:
#0 C:\xampp\htdocs\test\src\track.php(52): PDOStatement->execute(Array)
#1 C:\xampp\htdocs\test\index.php(122): Track->add(Array)
#2 {main}--- 2021-12-02 02:26:17 AM ---<br>PDOException: SQLSTATE[HY093]: Invalid parameter number: number of bound variables does not match number of tokens in C:\xampp\htdocs\test\src\track.php:52
Stack trace:
#0 C:\xampp\htdocs\test\src\track.php(52): PDOStatement->execute(Array)
#1 C:\xampp\htdocs\test\index.php(122): Track->add(Array)
#2 {main}--- 2021-12-02 02:27:40 AM ---<br>PDOException: SQLSTATE[HY093]: Invalid parameter number: number of bound variables does not match number of tokens in C:\xampp\htdocs\test\src\track.php:52
Stack trace:
#0 C:\xampp\htdocs\test\src\track.php(52): PDOStatement->execute(Array)
#1 C:\xampp\htdocs\test\index.php(122): Track->add(Array)
#2 {main}--- 2021-12-02 02:28:18 AM ---<br>PDOException: SQLSTATE[HY093]: Invalid parameter number: number of bound variables does not match number of tokens in C:\xampp\htdocs\test\src\track.php:52
Stack trace:
#0 C:\xampp\htdocs\test\src\track.php(52): PDOStatement->execute(Array)
#1 C:\xampp\htdocs\test\index.php(122): Track->add(Array)
#2 {main}--- 2021-12-02 02:29:14 AM ---<br>PDOException: SQLSTATE[HY093]: Invalid parameter number: number of bound variables does not match number of tokens in C:\xampp\htdocs\test\src\track.php:52
Stack trace:
#0 C:\xampp\htdocs\test\src\track.php(52): PDOStatement->execute(Array)
#1 C:\xampp\htdocs\test\index.php(122): Track->add(Array)
#2 {main}--- 2021-12-03 02:04:04 AM ---<br>PDOException: SQLSTATE[42S02]: Base table or view not found: 1146 Table 'chinook_abridged.movie' doesn't exist in C:\xampp\htdocs\test\src\invoice.php:53
Stack trace:
#0 C:\xampp\htdocs\test\src\invoice.php(53): PDOStatement->execute(Array)
#1 C:\xampp\htdocs\test\index.php(173): Invoice->add(Array)
#2 {main}--- 2021-12-03 02:05:57 AM ---<br>PDOException: SQLSTATE[42S02]: Base table or view not found: 1146 Table 'chinook_abridged.movie' doesn't exist in C:\xampp\htdocs\test\src\invoice.php:53
Stack trace:
#0 C:\xampp\htdocs\test\src\invoice.php(53): PDOStatement->execute(Array)
#1 C:\xampp\htdocs\test\index.php(173): Invoice->add(Array)
#2 {main}--- 2021-12-03 02:06:02 AM ---<br>PDOException: SQLSTATE[42S02]: Base table or view not found: 1146 Table 'chinook_abridged.movie' doesn't exist in C:\xampp\htdocs\test\src\invoice.php:53
Stack trace:
#0 C:\xampp\htdocs\test\src\invoice.php(53): PDOStatement->execute(Array)
#1 C:\xampp\htdocs\test\index.php(173): Invoice->add(Array)
#2 {main}